<?xml version="1.0" encoding="UTF-8"?>
<testng-results skipped="0" failed="1" ignored="0" total="1" passed="0">
  <reporter-output>
  </reporter-output>
  <suite name="Free CRM Test Suite" duration-ms="38960" started-at="2019-07-04T17:59:38Z" finished-at="2019-07-04T18:00:17Z">
    <groups>
      <group name="cucumber">
        <method signature="MyTestNGRunner.feature(cucumber.api.testng.CucumberFeatureWrapper)[pri:0, instance:com.freecrm.qe.runner.MyTestNGRunner@148080bb]" name="feature" class="com.freecrm.qe.runner.MyTestNGRunner"/>
      </group> <!-- cucumber -->
    </groups>
    <test name="Free CRM Test" duration-ms="38960" started-at="2019-07-04T17:59:38Z" finished-at="2019-07-04T18:00:17Z">
      <class name="com.freecrm.qe.runner.MyTestNGRunner">
        <test-method status="PASS" signature="setUpClass()[pri:0, instance:com.freecrm.qe.runner.MyTestNGRunner@148080bb]" name="setUpClass" is-config="true" duration-ms="410" started-at="2019-07-04T17:59:38Z" finished-at="2019-07-04T17:59:39Z">
          <reporter-output>
          </reporter-output>
        </test-method> <!-- setUpClass -->
        <test-method status="FAIL" signature="feature(cucumber.api.testng.CucumberFeatureWrapper)[pri:0, instance:com.freecrm.qe.runner.MyTestNGRunner@148080bb]" name="feature" duration-ms="38299" started-at="2019-07-04T17:59:39Z" description="Automating Free CRM Application" data-provider="features" finished-at="2019-07-04T18:00:17Z">
          <params>
            <param index="0">
              <value>
                <![CDATA[Home Page Test]]>
              </value>
            </param>
          </params>
          <exception class="cucumber.runtime.CucumberException">
            <message>
              <![CDATA[java.lang.AssertionError: Home page was not loaded properly expected [CRMM] but found [CRM]]]>
            </message>
            <full-stacktrace>
              <![CDATA[cucumber.runtime.CucumberException: java.lang.AssertionError: Home page was not loaded properly expected [CRMM] but found [CRM]
at cucumber.api.testng.TestNGCucumberRunner.runCucumber(TestNGCucumberRunner.java:69)
at com.freecrm.qe.runner.MyTestNGRunner.feature(MyTestNGRunner.java:31)
at sun.reflect.NativeMethodAccessorImpl.invoke0(Native Method)
at sun.reflect.NativeMethodAccessorImpl.invoke(NativeMethodAccessorImpl.java:62)
at sun.reflect.DelegatingMethodAccessorImpl.invoke(DelegatingMethodAccessorImpl.java:43)
at java.lang.reflect.Method.invoke(Method.java:497)
at org.testng.internal.MethodInvocationHelper.invokeMethod(MethodInvocationHelper.java:124)
at org.testng.internal.Invoker.invokeMethod(Invoker.java:583)
at org.testng.internal.Invoker.invokeTestMethod(Invoker.java:719)
at org.testng.internal.Invoker.invokeTestMethods(Invoker.java:989)
at org.testng.internal.TestMethodWorker.invokeTestMethods(TestMethodWorker.java:125)
at org.testng.internal.TestMethodWorker.run(TestMethodWorker.java:109)
at org.testng.TestRunner.privateRun(TestRunner.java:648)
at org.testng.TestRunner.run(TestRunner.java:505)
at org.testng.SuiteRunner.runTest(SuiteRunner.java:455)
at org.testng.SuiteRunner.access$000(SuiteRunner.java:40)
at org.testng.SuiteRunner$SuiteWorker.run(SuiteRunner.java:489)
at org.testng.internal.thread.ThreadUtil$1.call(ThreadUtil.java:52)
at java.util.concurrent.FutureTask.run(FutureTask.java:266)
at java.util.concurrent.ThreadPoolExecutor.runWorker(ThreadPoolExecutor.java:1142)
at java.util.concurrent.ThreadPoolExecutor$Worker.run(ThreadPoolExecutor.java:617)
at java.lang.Thread.run(Thread.java:745)
Caused by: java.lang.AssertionError: Home page was not loaded properly expected [CRMM] but found [CRM]
at org.testng.Assert.fail(Assert.java:96)
at org.testng.Assert.failNotEquals(Assert.java:776)
at org.testng.Assert.assertEqualsImpl(Assert.java:137)
at org.testng.Assert.assertEquals(Assert.java:118)
at org.testng.Assert.assertEquals(Assert.java:453)
at com.freecrm.qe.stepdefinition.StepDefinition.user_redirects_to_home_page(StepDefinition.java:50)
at âœ½.Then user redirects to "home" page and page title should be "CRMM"(HomePageFeature.feature:9)
]]>
            </full-stacktrace>
          </exception> <!-- cucumber.runtime.CucumberException -->
          <reporter-output>
          </reporter-output>
        </test-method> <!-- feature -->
        <test-method status="PASS" signature="tearDownClass()[pri:0, instance:com.freecrm.qe.runner.MyTestNGRunner@148080bb]" name="tearDownClass" is-config="true" duration-ms="43" started-at="2019-07-04T18:00:17Z" finished-at="2019-07-04T18:00:17Z">
          <reporter-output>
          </reporter-output>
        </test-method> <!-- tearDownClass -->
      </class> <!-- com.freecrm.qe.runner.MyTestNGRunner -->
    </test> <!-- Free CRM Test -->
  </suite> <!-- Free CRM Test Suite -->
</testng-results>
